TN:
SF:script/DeployFundMe.s.sol
FN:9,DeployFundMe.run
FNDA:4,DeployFundMe.run
DA:10,4
DA:10,4
DA:10,4
DA:11,4
DA:11,4
DA:11,4
DA:13,4
DA:13,4
DA:14,4
DA:14,4
DA:14,4
DA:15,4
DA:15,4
DA:16,4
DA:16,4
FNF:1
FNH:1
LF:6
LH:6
BRF:0
BRH:0
end_of_record
TN:
SF:script/HelperConfig.s.sol
FN:20,HelperConfig.
FNDA:0,HelperConfig.
DA:21,0
DA:21,0
BRDA:21,0,0,-
BRDA:21,0,1,-
DA:22,0
DA:22,0
DA:24,0
DA:24,0
FN:28,HelperConfig.getSepoliaNetworkConfig
FNDA:0,HelperConfig.getSepoliaNetworkConfig
DA:29,0
DA:29,0
DA:29,0
DA:30,0
DA:30,0
FN:35,HelperConfig.getETHNetworkConfig
FNDA:0,HelperConfig.getETHNetworkConfig
DA:36,0
DA:36,0
DA:36,0
DA:37,0
DA:37,0
FN:42,HelperConfig.getAnvilNetworkConfig
FNDA:0,HelperConfig.getAnvilNetworkConfig
DA:44,0
DA:44,0
DA:45,0
DA:45,0
DA:45,0
DA:46,0
DA:46,0
DA:49,0
DA:49,0
DA:49,0
DA:50,0
DA:50,0
FNF:4
FNH:0
LF:12
LH:0
BRF:2
BRH:0
end_of_record
TN:
SF:src/FundMe.sol
FN:20,FundMe.
FNDA:0,FundMe.
DA:21,0
DA:21,0
DA:22,0
DA:22,0
FN:26,FundMe.fund
FNDA:1,FundMe.fund
DA:27,1
DA:27,1
BRDA:27,0,0,1
BRDA:27,0,1,-
DA:29,0
DA:29,0
DA:30,0
DA:30,0
FN:33,FundMe.getVersion
FNDA:2,FundMe.getVersion
DA:35,2
DA:35,2
DA:35,2
FN:38,FundMe.onlyOwner
FNDA:0,FundMe.onlyOwner
DA:40,0
DA:40,0
BRDA:40,1,0,-
BRDA:40,1,1,-
DA:40,0
FN:44,FundMe.withdraw
FNDA:0,FundMe.withdraw
DA:45,0
DA:45,0
DA:45,0
DA:45,0
DA:46,0
DA:46,0
DA:47,0
DA:47,0
DA:49,0
DA:49,0
DA:58,0
DA:58,0
DA:58,0
DA:59,0
DA:59,0
BRDA:59,2,0,-
BRDA:59,2,1,-
FN:73,FundMe.
FNDA:0,FundMe.
DA:74,0
DA:74,0
FNF:6
FNH:2
LF:14
LH:2
BRF:6
BRH:1
end_of_record
TN:
SF:src/PriceConverter.sol
FN:10,PriceConverter.getPrice
FNDA:1,PriceConverter.getPrice
DA:14,1
DA:14,1
DA:14,1
DA:16,1
DA:16,1
DA:16,1
FN:20,PriceConverter.getConversionRate
FNDA:1,PriceConverter.getConversionRate
DA:24,1
DA:24,1
DA:24,1
DA:25,1
DA:25,1
DA:25,1
DA:27,1
DA:27,1
FNF:2
FNH:2
LF:5
LH:5
BRF:0
BRH:0
end_of_record
TN:
SF:test/Mocks/MockV3Aggregator.s.sol
FN:26,MockV3Aggregator.
FNDA:0,MockV3Aggregator.
DA:27,0
DA:27,0
DA:28,0
DA:28,0
FN:31,MockV3Aggregator.updateAnswer
FNDA:0,MockV3Aggregator.updateAnswer
DA:32,0
DA:32,0
DA:33,0
DA:33,0
DA:34,0
DA:34,0
DA:35,0
DA:35,0
DA:36,0
DA:36,0
DA:37,0
DA:37,0
FN:40,MockV3Aggregator.updateRoundData
FNDA:0,MockV3Aggregator.updateRoundData
DA:41,0
DA:41,0
DA:42,0
DA:42,0
DA:43,0
DA:43,0
DA:44,0
DA:44,0
DA:45,0
DA:45,0
DA:46,0
DA:46,0
FN:49,MockV3Aggregator.getRoundData
FNDA:0,MockV3Aggregator.getRoundData
DA:54,0
DA:54,0
FN:57,MockV3Aggregator.latestRoundData
FNDA:1,MockV3Aggregator.latestRoundData
DA:62,1
DA:62,1
FN:71,MockV3Aggregator.description
FNDA:0,MockV3Aggregator.description
DA:72,0
DA:72,0
FNF:6
FNH:1
LF:17
LH:1
BRF:0
BRH:0
end_of_record
